2019-02-16 12:35:21 DEBUG JniLibraryResourceLoader:76 - Loading native librarywpiutil
2019-02-16 12:35:21 DEBUG JniLibraryResourceLoader:76 - Loading native librarywpiHal
2019-02-16 12:35:21 ERROR JniLibraryResourceLoader:82 - java.lang.UnsatisfiedLinkError: /Users/carter/git/5974DeepSpace/build/tmp/snobotSimJava/libwpiHal.dylib: dlopen(/Users/carter/git/5974DeepSpace/build/tmp/snobotSimJava/libwpiHal.dylib, 1): Library not loaded: libwpiutil.dylib
  Referenced from: /Users/carter/git/5974DeepSpace/build/tmp/snobotSimJava/libwpiHal.dylib
  Reason: image not found
2019-02-16 12:35:21 DEBUG JniLibraryResourceLoader:76 - Loading native libraryhalsim_adx_gyro_accelerometer
2019-02-16 12:35:21 ERROR JniLibraryResourceLoader:82 - java.lang.UnsatisfiedLinkError: /Users/carter/git/5974DeepSpace/build/tmp/snobotSimJava/libhalsim_adx_gyro_accelerometer.dylib: dlopen(/Users/carter/git/5974DeepSpace/build/tmp/snobotSimJava/libhalsim_adx_gyro_accelerometer.dylib, 1): Library not loaded: libwpiHal.dylib
  Referenced from: /Users/carter/git/5974DeepSpace/build/tmp/snobotSimJava/libhalsim_adx_gyro_accelerometer.dylib
  Reason: image not found
2019-02-16 12:35:21 DEBUG JniLibraryResourceLoader:76 - Loading native librarynavx_simulator
2019-02-16 12:35:21 ERROR JniLibraryResourceLoader:82 - java.lang.UnsatisfiedLinkError: /Users/carter/git/5974DeepSpace/build/tmp/snobotSimJava/libnavx_simulator.dylib: dlopen(/Users/carter/git/5974DeepSpace/build/tmp/snobotSimJava/libnavx_simulator.dylib, 1): Library not loaded: libwpiHal.dylib
  Referenced from: /Users/carter/git/5974DeepSpace/build/tmp/snobotSimJava/libnavx_simulator.dylib
  Reason: image not found
2019-02-16 12:35:21 DEBUG JniLibraryResourceLoader:76 - Loading native libraryadx_family
2019-02-16 12:35:21 ERROR JniLibraryResourceLoader:82 - java.lang.UnsatisfiedLinkError: /Users/carter/git/5974DeepSpace/build/tmp/snobotSimJava/libadx_family.dylib: dlopen(/Users/carter/git/5974DeepSpace/build/tmp/snobotSimJava/libadx_family.dylib, 1): Library not loaded: libhalsim_adx_gyro_accelerometer.dylib
  Referenced from: /Users/carter/git/5974DeepSpace/build/tmp/snobotSimJava/libadx_family.dylib
  Reason: image not found
2019-02-16 12:35:21 DEBUG JniLibraryResourceLoader:76 - Loading native libraryCTRE_PhoenixCCI
2019-02-16 12:35:21 INFO  SimulatorConfigReaderV1:71 - Loading /Users/carter/git/5974DeepSpace/simulator_config/simulator_config.yml
2019-02-16 12:35:21 DEBUG Simulator:259 - Created default simulator
2019-02-16 12:35:21 INFO  Simulator:216 - Starting Robot Code
2019-02-16 12:35:21 ERROR Main:65 - Unknown exception...
java.lang.IllegalAccessException: class com.snobot.simulator.robot_container.JavaRobotContainer cannot access a member of class org.usfirst.frc5974.DeepSpace.Main with modifiers "private"
	at jdk.internal.reflect.Reflection.newIllegalAccessException(Reflection.java:361) ~[?:?]
	at jdk.internal.reflect.Reflection.ensureMemberAccess(Reflection.java:99) ~[?:?]
	at java.lang.Class.newInstance(Class.java:579) ~[?:?]
	at com.snobot.simulator.robot_container.JavaRobotContainer.constructRobot(JavaRobotContainer.java:24) ~[snobot_sim_gui-2019-0.0.1-RC.jar:?]
	at com.snobot.simulator.Simulator.createRobot(Simulator.java:235) ~[snobot_sim_gui-2019-0.0.1-RC.jar:?]
	at com.snobot.simulator.Simulator.startSimulation(Simulator.java:299) ~[snobot_sim_gui-2019-0.0.1-RC.jar:?]
	at com.snobot.simulator.Main.main(Main.java:46) [snobot_sim_gui-2019-0.0.1-RC.jar:?]
