2019-02-19 16:28:56 DEBUG JniLibraryResourceLoader:76 - Loading native librarywpiutil
2019-02-19 16:28:56 DEBUG JniLibraryResourceLoader:76 - Loading native librarywpiHal
2019-02-19 16:28:56 DEBUG JniLibraryResourceLoader:76 - Loading native libraryhalsim_adx_gyro_accelerometer
2019-02-19 16:28:56 DEBUG JniLibraryResourceLoader:76 - Loading native librarynavx_simulator
2019-02-19 16:28:56 DEBUG JniLibraryResourceLoader:76 - Loading native libraryadx_family
2019-02-19 16:28:56 DEBUG JniLibraryResourceLoader:76 - Loading native libraryCTRE_PhoenixCCI
2019-02-19 16:28:56 WARN  Simulator:127 - Could not read properties file, will use defaults and will overwrite the file if it exists
2019-02-19 16:28:56 WARN  Simulator:169 - Searching for robot name
2019-02-19 16:28:57 WARN  Simulator:202 - Couldn't automatically find robot class, will use the example robot
2019-02-19 16:28:57 INFO  SimulatorConfigReaderV1:71 - Loading C:\Users\mechanical.dragons\Documents\GitHub\5974DeepSpace\simulator_config\simulator_config.yml
2019-02-19 16:28:57 DEBUG Simulator:259 - Created default simulator
2019-02-19 16:28:57 INFO  JoystickFactory:77 - Wrote joystick config file to C:\Users\mechanical.dragons\Documents\GitHub\5974DeepSpace\simulator_config\joystick_config.properties
2019-02-19 16:28:57 INFO  Simulator:216 - Starting Robot Code
2019-02-19 16:28:57 INFO  Simulator:307 - Starting simulator
2019-02-19 16:28:57 WARN  PcmCallbackJni:45 - Simulator on port 0 was not registerd before starting the robot
2019-02-19 16:28:57 WARN  PwmCallbackJni:39 - Simulator on port 0 was not registerd before starting the robot
2019-02-19 16:28:57 WARN  PwmCallbackJni:39 - Simulator on port 1 was not registerd before starting the robot
2019-02-19 16:28:57 WARN  DigitalCallbackJni:39 - Simulator on port 0 was not registerd before starting the robot
2019-02-19 16:28:57 WARN  DigitalCallbackJni:39 - Simulator on port 1 was not registerd before starting the robot
2019-02-19 16:28:57 WARN  EncoderCallbackJni:38 - Simulator on port 0 was not registerd before starting the robot
2019-02-19 16:28:57 WARN  DigitalCallbackJni:39 - Simulator on port 2 was not registerd before starting the robot
2019-02-19 16:28:57 WARN  DigitalCallbackJni:39 - Simulator on port 3 was not registerd before starting the robot
2019-02-19 16:28:57 WARN  EncoderCallbackJni:38 - Simulator on port 1 was not registerd before starting the robot
2019-02-19 16:28:57 WARN  AnalogInCallbackJni:39 - Simulator on port 0 was not registerd before starting the robot
2019-02-19 16:28:57 WARN  AnalogGyroCallbackJni:38 - Simulator on port 0 was not registerd before starting the robot
2019-02-19 16:28:57 ERROR SpiCallbackJni:51 - No SPI simulator registered for port 0
2019-02-19 16:28:57 ERROR SpiCallbackJni:51 - No SPI simulator registered for port 0
2019-02-19 16:28:57 ERROR I2CCallbackJni:51 - No I2C simulator registered for port 1
