2019-02-16 12:33:44 DEBUG JniLibraryResourceLoader:76 - Loading native librarywpiutil
2019-02-16 12:33:44 DEBUG JniLibraryResourceLoader:76 - Loading native librarywpiHal
2019-02-16 12:33:44 ERROR JniLibraryResourceLoader:82 - java.lang.UnsatisfiedLinkError: /Users/carter/git/5974DeepSpace/build/tmp/snobotSimJava/libwpiHal.dylib: dlopen(/Users/carter/git/5974DeepSpace/build/tmp/snobotSimJava/libwpiHal.dylib, 1): Library not loaded: libwpiutil.dylib
  Referenced from: /Users/carter/git/5974DeepSpace/build/tmp/snobotSimJava/libwpiHal.dylib
  Reason: image not found
2019-02-16 12:33:44 DEBUG JniLibraryResourceLoader:76 - Loading native libraryhalsim_adx_gyro_accelerometer
2019-02-16 12:33:44 ERROR JniLibraryResourceLoader:82 - java.lang.UnsatisfiedLinkError: /Users/carter/git/5974DeepSpace/build/tmp/snobotSimJava/libhalsim_adx_gyro_accelerometer.dylib: dlopen(/Users/carter/git/5974DeepSpace/build/tmp/snobotSimJava/libhalsim_adx_gyro_accelerometer.dylib, 1): Library not loaded: libwpiHal.dylib
  Referenced from: /Users/carter/git/5974DeepSpace/build/tmp/snobotSimJava/libhalsim_adx_gyro_accelerometer.dylib
  Reason: image not found
2019-02-16 12:33:44 DEBUG JniLibraryResourceLoader:76 - Loading native librarynavx_simulator
2019-02-16 12:33:44 ERROR JniLibraryResourceLoader:82 - java.lang.UnsatisfiedLinkError: /Users/carter/git/5974DeepSpace/build/tmp/snobotSimJava/libnavx_simulator.dylib: dlopen(/Users/carter/git/5974DeepSpace/build/tmp/snobotSimJava/libnavx_simulator.dylib, 1): Library not loaded: libwpiHal.dylib
  Referenced from: /Users/carter/git/5974DeepSpace/build/tmp/snobotSimJava/libnavx_simulator.dylib
  Reason: image not found
2019-02-16 12:33:44 DEBUG JniLibraryResourceLoader:76 - Loading native libraryadx_family
2019-02-16 12:33:44 ERROR JniLibraryResourceLoader:82 - java.lang.UnsatisfiedLinkError: /Users/carter/git/5974DeepSpace/build/tmp/snobotSimJava/libadx_family.dylib: dlopen(/Users/carter/git/5974DeepSpace/build/tmp/snobotSimJava/libadx_family.dylib, 1): Library not loaded: libhalsim_adx_gyro_accelerometer.dylib
  Referenced from: /Users/carter/git/5974DeepSpace/build/tmp/snobotSimJava/libadx_family.dylib
  Reason: image not found
2019-02-16 12:33:44 DEBUG JniLibraryResourceLoader:76 - Loading native libraryCTRE_PhoenixCCI
2019-02-16 12:33:44 INFO  SimulatorConfigReaderV1:71 - Loading /Users/carter/git/5974DeepSpace/simulator_config/simulator_config.yml
2019-02-16 12:33:44 DEBUG Simulator:259 - Created default simulator
2019-02-16 12:33:44 INFO  Simulator:216 - Starting Robot Code
2019-02-16 12:33:44 ERROR SpiCallbackJni:51 - No SPI simulator registered for port 4
2019-02-16 12:33:44 INFO  SpiCallbackJni:56 - Shutting down SPI port 4
2019-02-16 12:33:44 WARN  PwmCallbackJni:39 - Simulator on port 1 was not registerd before starting the robot
2019-02-16 12:33:44 WARN  PwmCallbackJni:39 - Simulator on port 0 was not registerd before starting the robot
2019-02-16 12:33:44 WARN  PwmCallbackJni:39 - Simulator on port 3 was not registerd before starting the robot
2019-02-16 12:33:44 WARN  PwmCallbackJni:39 - Simulator on port 2 was not registerd before starting the robot
2019-02-16 12:33:44 WARN  PwmCallbackJni:39 - Simulator on port 4 was not registerd before starting the robot
2019-02-16 12:33:44 WARN  DigitalCallbackJni:39 - Simulator on port 0 was not registerd before starting the robot
2019-02-16 12:33:44 WARN  DigitalCallbackJni:39 - Simulator on port 1 was not registerd before starting the robot
2019-02-16 12:33:44 WARN  EncoderCallbackJni:38 - Simulator on port 0 was not registerd before starting the robot
2019-02-16 12:33:44 ERROR Main:65 - Unknown exception...
edu.wpi.first.hal.util.UncleanStatusException:  Code: -1029. HAL: Resource already allocated
	at edu.wpi.first.hal.DIOJNI.initializeDIOPort(Native Method) ~[5974DeepSpace.jar:?]
	at edu.wpi.first.wpilibj.DigitalInput.<init>(DigitalInput.java:34) ~[5974DeepSpace.jar:?]
	at org.usfirst.frc5974.DeepSpace.Lift.<init>(Lift.java:17) ~[5974DeepSpace.jar:?]
	at org.usfirst.frc5974.DeepSpace.Robot.<init>(Robot.java:37) ~[5974DeepSpace.jar:?]
	at jdk.internal.reflect.NativeConstructorAccessorImpl.newInstance0(Native Method) ~[?:?]
	at jdk.internal.reflect.NativeConstructorAccessorImpl.newInstance(NativeConstructorAccessorImpl.java:62) ~[?:?]
	at jdk.internal.reflect.DelegatingConstructorAccessorImpl.newInstance(DelegatingConstructorAccessorImpl.java:45) ~[?:?]
	at java.lang.reflect.Constructor.newInstance(Constructor.java:490) ~[?:?]
	at java.lang.Class.newInstance(Class.java:584) ~[?:?]
	at com.snobot.simulator.robot_container.JavaRobotContainer.constructRobot(JavaRobotContainer.java:24) ~[snobot_sim_gui-2019-0.0.1-RC.jar:?]
	at com.snobot.simulator.Simulator.createRobot(Simulator.java:235) ~[snobot_sim_gui-2019-0.0.1-RC.jar:?]
	at com.snobot.simulator.Simulator.startSimulation(Simulator.java:299) ~[snobot_sim_gui-2019-0.0.1-RC.jar:?]
	at com.snobot.simulator.Main.main(Main.java:46) [snobot_sim_gui-2019-0.0.1-RC.jar:?]
